 parallel defs            1           0
  Gamma-only calculation, assuming nks=1, xk=(0,0,0) 
          27          27          27       19683
 ngm =        3696
 npwx =         471
 ** TEST:  CB hamiltonian modified so as to need an overlap matrix **
  subspace rotation first
 ndiag           1
  then paro diagonalization 

          k = 0.0000 0.0000 0.0000 (   471 PWs)   bands (ev):

   -12.3426 -10.9110 -10.9110 -10.9110 -10.9110 -10.3192 -10.3192 -10.3192
    -6.1510  -6.1510  -6.1510  -6.0410  -6.0410  -6.0410  -6.0410  -2.2895
    -2.2895  -2.2895  -2.2895  -2.2895  -2.2895  -0.9216  -0.9216  -0.9216
    -0.9216  -0.9216  -0.9216  -0.9216  -0.9216  -0.0000  -0.0000   0.0000
     1.1834   1.5673   1.5673   1.5673   1.5673   1.5989   1.5989   1.5989
     2.0916   2.0916   2.0916   4.4167   4.4167   4.4167   4.9092   4.9092
     4.9092   4.9092   4.9092   4.9092   4.9092   4.9092   8.0684   8.5455
     8.5455   8.5455   8.5455   8.6861   8.6861  11.4378  11.4378  11.4378
 avg_iter, notconv, ethr           40           0   9.9999999999999995E-007
     paro         :      1.91s CPU      1.94s WALL (       1 calls)
     rotwfcg      :      0.94s CPU      0.95s WALL (       9 calls)
     rotwfcg:hpsi :      0.54s CPU      0.55s WALL (       9 calls)
     rotwfcg:hc   :      0.26s CPU      0.27s WALL (       9 calls)
     rotwfcg:diag :      0.07s CPU      0.07s WALL (       9 calls)
     rotwfcg:evc  :      0.06s CPU      0.07s WALL (       9 calls)
     pcg          :      0.97s CPU      0.98s WALL (     402 calls)
     pcg:hs_1psi  :      0.80s CPU      0.81s WALL (    1551 calls)
     pcg:ortho    :      0.15s CPU      0.15s WALL (    1551 calls)
     s_psi        :      0.01s CPU      0.02s WALL (      17 calls)
