 parallel defs            1           0
  Gamma-only calculation, assuming nks=1, xk=(0,0,0) 
          15          15          15        3375
 ngm =         471
 npwx =          57
 ** TEST:  CB hamiltonian modified so as to need an overlap matrix **
  subspace rotation first
 ndiag           1
  then paro diagonalization 

          k = 0.0000 0.0000 0.0000 (    57 PWs)   bands (ev):

   -12.3426  -0.0000  -0.0000   0.0000   1.1834   4.4167   4.4167   4.4167
 avg_iter, notconv, ethr           25           0   9.9999999999999995E-007
     paro         :      0.01s CPU      0.01s WALL (       1 calls)
     rotwfcg      :      0.01s CPU      0.01s WALL (       6 calls)
     rotwfcg:hpsi :      0.00s CPU      0.00s WALL (       6 calls)
     rotwfcg:hc   :      0.00s CPU      0.00s WALL (       6 calls)
     rotwfcg:diag :      0.00s CPU      0.00s WALL (       6 calls)
     rotwfcg:evc  :      0.00s CPU      0.00s WALL (       6 calls)
     pcg          :      0.00s CPU      0.01s WALL (      39 calls)
     pcg:hs_1psi  :      0.00s CPU      0.01s WALL (     122 calls)
     pcg:ortho    :      0.00s CPU      0.00s WALL (     122 calls)
     s_psi        :      0.00s CPU      0.00s WALL (      11 calls)
