 parallel defs            1           0
 nks >
          27          27          27       19683
 ngm =        7391
 npwx =         941
 ** TEST:  CB hamiltonian modified so as to need an overlap matrix **
  subspace rotation first
 ndiag           1
  then paro diagonalization 

          k = 0.0000 0.0000 0.0000 (   941 PWs)   bands (ev):

   -12.3426 -10.9110 -10.9110 -10.9110 -10.9110 -10.3192 -10.3192 -10.3192
    -6.1510  -6.1510  -6.1510  -6.0410  -6.0410  -6.0410  -6.0410  -2.2895
    -2.2895  -2.2895  -2.2895  -2.2895  -2.2895  -0.9216  -0.9216  -0.9216
    -0.9216  -0.9216  -0.9216  -0.9216  -0.9216  -0.0000  -0.0000   0.0000
     1.1834   1.5673   1.5673   1.5673   1.5673   1.5989   1.5989   1.5989
     2.0916   2.0916   2.0916   4.4167   4.4167   4.4167   4.9092   4.9092
     4.9092   4.9092   4.9092   4.9092   4.9092   4.9092   8.0684   8.5455
     8.5455   8.5455   8.5455   8.6861   8.6861  11.4378  11.4378  11.4378
 avg_iter, notconv, ethr           41           0   9.9999999999999995E-007
     paro         :      2.58s CPU      2.61s WALL (       1 calls)
     rotwfck      :      1.39s CPU      1.40s WALL (       9 calls)
     rotwfck:hpsi :      0.55s CPU      0.55s WALL (       9 calls)
     rotwfck:hc   :      0.45s CPU      0.46s WALL (       9 calls)
     rotwfck:diag :      0.17s CPU      0.17s WALL (       9 calls)
     rotwfck:evc  :      0.22s CPU      0.22s WALL (       9 calls)
     pcg          :      1.19s CPU      1.19s WALL (     401 calls)
     pcg:hs_1psi  :      0.84s CPU      0.83s WALL (    1562 calls)
     pcg:ortho    :      0.32s CPU      0.33s WALL (    1562 calls)
     s_psi        :      0.03s CPU      0.03s WALL (      17 calls)
