 parallel defs            1           0
 nks >
          27          27          27       19683
 ngm =        6615
 npwx =         869
  subspace rotation first
 ndiag           1
  then paro diagonalization 

          k = 0.0000 0.0000 0.0000 (   869 PWs)   bands (ev):

   -12.6369 -10.2593 -10.2593 -10.2593 -10.2593  -8.3557  -8.3557  -8.3557
    -8.3557  -8.3557  -8.3557  -7.3882  -7.3882  -7.3882  -7.3882  -3.0211
    -3.0211  -3.0211  -3.0211  -3.0211  -3.0211  -1.2491  -1.2491  -1.2491
    -1.2491  -1.2491  -1.2491  -1.2491  -1.2491  -0.0000  -0.0000   0.0000
     0.9305   0.9305   0.9305   0.9305   0.9305   0.9305   1.8752   1.8752
     1.8752   1.8752   3.4229   3.4229   3.4229   3.8840   3.9800   3.9800
     3.9800   3.9800   3.9800   3.9800   3.9800   3.9800   7.5397   7.9683
     7.9683   7.9691   7.9691   7.9691   7.9691  11.5026  11.5026  11.5026
 avg_iter, notconv, ethr           37           0   9.9999999999999995E-007
     paro         :      2.34s CPU      2.36s WALL (       1 calls)
     rotwfck      :      1.25s CPU      1.25s WALL (       8 calls)
     rotwfck:hpsi :      0.51s CPU      0.51s WALL (       8 calls)
     rotwfck:hc   :      0.39s CPU      0.39s WALL (       8 calls)
     rotwfck:diag :      0.15s CPU      0.15s WALL (       8 calls)
     rotwfck:evc  :      0.20s CPU      0.19s WALL (       8 calls)
     pcg          :      1.10s CPU      1.11s WALL (     365 calls)
     pcg:hs_1psi  :      0.72s CPU      0.74s WALL (    1430 calls)
     pcg:ortho    :      0.34s CPU      0.33s WALL (    1430 calls)
     s_psi        :      0.00s CPU      0.00s WALL (       7 calls)
