 nks >
          15          15          15        3375
 ngm =         645
 npwx =          92
  subspace rotation first
  then cg diagonalization 

          k = 0.0000 0.0000 0.0000 (    65 PWs)   bands (ev):

     0.0000  18.0493  18.0493  18.0493  18.0493  18.0493  18.0493  18.0493
 cg_iter, notconv, ethr            0           0  9.99999999999999955E-007
  subspace rotation first
  then cg diagonalization 

          k = 0.5000 0.5000 0.5000 (    76 PWs)   bands (ev):

     4.5123   4.5123  16.5452  16.5452  16.5452  16.5452  16.5452  16.5452
 cg_iter, notconv, ethr            0           0  9.99999999999999955E-007
  subspace rotation first
  then cg diagonalization 

          k = 1.0000 0.0000 0.0000 (    92 PWs)   bands (ev):

     6.0164   6.0164  12.0329  12.0329  12.0329  12.0329  30.0822  30.0822
 cg_iter, notconv, ethr            0           0  9.99999999999999955E-007
     cg           :      0.01s CPU      0.01s WALL (       3 calls)
     h_psi        :      0.00s CPU      0.00s WALL (       3 calls)
     hs_1psi      :      0.01s CPU      0.01s WALL (     147 calls)
     s_1psi       :      0.00s CPU      0.00s WALL (     147 calls)
