 nks >
          25          25          25       15625
 ngm =        5065
 npwx =         645
  subspace rotation first
  then cg diagonalization 

          k = 0.0000 0.0000 0.0000 (   645 PWs)   bands (ev):

     0.0000   4.5123   4.5123   4.5123   4.5123   4.5123   4.5123   4.5123
     4.5123   6.0164   6.0164   6.0164   6.0164   6.0164   6.0164  12.0329
    12.0329  12.0329  12.0329  12.0329  12.0329  12.0329  12.0329  12.0329
    12.0329  12.0329  12.0329  16.5452  16.5452  16.5452  16.5452  16.5452
    16.5452  16.5452  16.5452  16.5452  16.5452  16.5452  16.5452  16.5452
    16.5452  16.5452  16.5452  16.5452  16.5452  16.5452  16.5452  16.5452
    16.5452  16.5452  16.5452  18.0493  18.0493  18.0493  18.0493  18.0493
    18.0493  18.0493  18.0493  24.0657  24.0657  24.0657  24.0657  24.0657
 cg_iter, notconv, ethr            0           0  9.99999999999999955E-007
     cg           :      0.27s CPU      0.28s WALL (       1 calls)
     h_psi        :      0.02s CPU      0.02s WALL (       1 calls)
     hs_1psi      :      0.17s CPU      0.17s WALL (     612 calls)
     s_1psi       :      0.00s CPU      0.00s WALL (     612 calls)
