 parallel defs            1           0
 nks >
          27          27          27       19683
 ngm =        7391
 npwx =         941
 ** TEST:  CB hamiltonian modified so as to need an overlap matrix **
  subspace rotation first
 ndiag           1
  then cg diagonalization 

          k = 0.0000 0.0000 0.0000 (   941 PWs)   bands (ev):

   -12.3426 -10.9110 -10.9110 -10.9110 -10.9110 -10.3192 -10.3192 -10.3192
    -6.1510  -6.1510  -6.1509  -6.0410  -6.0410  -6.0410  -6.0410  -2.2895
    -2.2895  -2.2895  -2.2895  -2.2895  -2.2895  -0.9216  -0.9216  -0.9216
    -0.9216  -0.9216  -0.9216  -0.9216  -0.9216  -0.0000   0.0000   0.0000
     1.1834   1.5673   1.5673   1.5674   1.5674   1.5989   1.5988   1.5989
     2.0916   2.0916   2.0916   4.4167   4.4167   4.4167   4.9092   4.9092
     4.9092   4.9092   4.9092   4.9092   4.9092   4.9092   8.0684   8.5456
     8.5456   8.5455   8.5455   8.6861   8.6860  11.4378  11.4378  11.4378
 cg_iter, notconv, ethr            0           0   9.9999999999999995E-007
     cg           :      0.78s CPU      0.79s WALL (       1 calls)
     h_psi        :      0.04s CPU      0.04s WALL (       1 calls)
     s_psi        :      0.00s CPU      0.00s WALL (       1 calls)
     hs_1psi      :      0.50s CPU      0.52s WALL (     979 calls)
     s_1psi       :      0.01s CPU      0.02s WALL (     979 calls)
