 nks >
          27          27          27       19683
 ngm =        7391
 npwx =         941
  subspace rotation first
  then cg diagonalization 

          k = 0.0000 0.0000 0.0000 (   941 PWs)   bands (ev):

   -12.3426 -10.9110 -10.9110 -10.9110 -10.9110 -10.3192 -10.3192 -10.3192
    -6.1510  -6.1510  -6.1509  -6.0410  -6.0411  -6.0410  -6.0410  -2.2895
    -2.2895  -2.2895  -2.2895  -2.2895  -2.2895  -0.9216  -0.9216  -0.9216
    -0.9216  -0.9216  -0.9216  -0.9216  -0.9216   0.0000  -0.0000   0.0000
     1.1834   1.5673   1.5674   1.5677   1.5674   1.5986   1.5988   1.5988
     2.0916   2.0916   2.0916   4.4167   4.4167   4.4167   4.9092   4.9092
     4.9092   4.9092   4.9092   4.9092   4.9092   4.9092   8.0684   8.5457
     8.5457   8.5456   8.5456   8.6860   8.6857  11.4378  11.4378  11.4378
 cg_iter, notconv, ethr            0           0  9.99999999999999955E-007
     cg           :      0.86s CPU      0.87s WALL (       1 calls)
     h_psi        :      0.03s CPU      0.04s WALL (       1 calls)
     hs_1psi      :      0.59s CPU      0.59s WALL (    1187 calls)
     s_1psi       :      0.00s CPU      0.00s WALL (    1187 calls)
