 parallel defs            1           0
 nks >
          27          27          27       19683
 ngm =        6615
 npwx =         869
 ** TEST:  CB hamiltonian modified so as to need an overlap matrix **
  subspace rotation first
 ndiag           1
  then cg diagonalization 

          k = 0.0000 0.0000 0.0000 (   869 PWs)   bands (ev):

   -12.6369 -10.2593 -10.2593 -10.2593 -10.2593  -8.3557  -8.3557  -8.3557
    -8.3557  -8.3557  -8.3557  -7.3882  -7.3882  -7.3882  -7.3882  -3.0211
    -3.0211  -3.0211  -3.0211  -3.0211  -3.0211  -1.2491  -1.2491  -1.2491
    -1.2491  -1.2491  -1.2491  -1.2491  -1.2491  -0.0000  -0.0000   0.0000
     0.9305   0.9305   0.9305   0.9305   0.9305   0.9305   1.8752   1.8752
     1.8752   1.8752   3.4229   3.4229   3.4229   3.8840   3.9800   3.9800
     3.9800   3.9800   3.9800   3.9800   3.9800   3.9800   7.5397   7.9691
     7.9690   7.9688   7.9688   7.9688   7.9686  11.5026  11.5026  11.5026
 cg_iter, notconv, ethr            0           0   9.9999999999999995E-007
     cg           :      0.65s CPU      0.65s WALL (       1 calls)
     h_psi        :      0.04s CPU      0.04s WALL (       1 calls)
     s_psi        :      0.00s CPU      0.00s WALL (       1 calls)
     hs_1psi      :      0.42s CPU      0.43s WALL (     831 calls)
     s_1psi       :      0.01s CPU      0.01s WALL (     831 calls)
