 nks >
          54          54          54      157464
 ngm =       52873
 npwx =        6615
  subspace rotation first
  then cg diagonalization 

          k = 0.0000 0.0000 0.0000 (  6615 PWs)   bands (ev):

   -12.6369 -11.8183 -11.8183 -11.8183 -11.8183 -11.8183 -11.8183 -11.8183
   -11.8183 -11.5273 -11.5274 -11.5273 -11.5273 -11.5273 -11.5274 -10.5421
   -10.5421 -10.5421 -10.5421 -10.5421 -10.5421 -10.5421 -10.5421 -10.5421
   -10.5421 -10.5421 -10.5421 -10.2593 -10.2593 -10.2593 -10.2593  -9.8478
    -9.8478  -9.8478  -9.8478  -9.8478  -9.8478  -9.8478  -9.8478  -9.8478
    -9.8478  -9.8478  -9.8478  -9.8478  -9.8478  -9.8478  -9.8478  -9.8478
    -9.8478  -9.8478  -9.8478  -9.8478  -9.8478  -9.8478  -9.8478  -8.3557
    -8.3557  -8.3557  -8.3557  -8.3555  -8.3556  -8.1969  -8.1969  -8.1969
    -8.1969  -8.1969  -8.1969  -8.1969  -8.1969  -8.1969  -8.1969  -8.1970
    -8.1969  -7.3882  -7.3882  -7.3882  -7.3882  -6.8262  -6.8261  -6.8262
    -6.8261  -6.8262  -6.8262  -6.8262  -6.8262  -6.8262  -6.8262  -6.8262
    -6.8262  -6.8262  -6.8261  -6.8262  -6.8262  -6.8261  -6.8261  -6.8261
    -6.8261  -6.8262  -6.8262  -6.8262  -6.8262  -5.8725  -5.8725  -5.8725
    -5.8725  -5.8725  -5.8725  -5.8725  -5.8725  -5.8725  -5.8725  -5.8725
    -5.8725  -4.1811  -4.1810  -4.1811  -4.1811  -4.1811  -4.1811  -4.1811
    -4.1810  -4.0408  -4.0409  -4.0409  -4.0408  -4.0408  -4.0408  -4.0409
    -4.0409  -4.0407  -4.0408  -4.0408  -4.0408  -3.9306  -3.9306  -3.9306
    -3.9306  -3.9306  -3.9306  -3.9306  -3.9306  -3.9306  -3.9306  -3.9306
    -3.9306  -3.7797  -3.7797  -3.7797  -3.7797  -3.7798  -3.7797  -3.7165
    -3.7165  -3.7165  -3.7165  -3.7165  -3.7165  -3.7165  -3.7165  -3.7165
    -3.7165  -3.7165  -3.7165  -3.7165  -3.7165  -3.7165  -3.7165  -3.7165
    -3.7165  -3.7165  -3.7165  -3.7165  -3.7165  -3.7165  -3.7165  -3.0211
    -3.0211  -3.0211  -3.0211  -3.0211  -3.0210  -2.3140  -2.3139  -2.3140
    -2.3140  -2.3139  -2.3140  -2.3139  -2.3139  -2.3139  -2.3140  -2.3139
    -2.3140  -2.3139  -2.3139  -2.3139  -2.3139  -2.3140  -2.3139  -2.3139
    -2.3139  -2.3139  -2.3139  -2.3139  -2.3140  -1.9654  -1.9654  -1.9654
    -1.9654  -1.9654  -1.9654  -1.9654  -1.9654  -1.9654  -1.9654  -1.9654
    -1.9654  -1.3657  -1.3657  -1.3657  -1.3657  -1.3657  -1.3657  -1.3657
    -1.3657  -1.3657  -1.3657  -1.3657  -1.3656  -1.2491  -1.2491  -1.2491
    -1.2491  -1.2491  -1.2491  -1.2491  -1.2491  -0.7705  -0.7705  -0.7705
    -0.7705  -0.7705  -0.7705  -0.7705  -0.7705  -0.7705  -0.7705  -0.7705
    -0.7705  -0.7705  -0.7705  -0.7705  -0.7705  -0.0000  -0.0000   0.0000
     0.9305   0.9305   0.9305   0.9305   0.9305   0.9305   1.4907   1.4908
     1.4907   1.4907   1.4907   1.4908   1.8339   1.8339   1.8339   1.8339
     1.8339   1.8339   1.8339   1.8339   1.8339   1.8339   1.8339   1.8339
     1.8339   1.8339   1.8339   1.8339   1.8339   1.8339   1.8339   1.8339
     1.8339   1.8339   1.8340   1.8339   1.8751   1.8751   1.8751   1.8751
     2.4608   2.4608   2.4608   2.4608   2.4608   2.4608   2.4608   2.4608
     2.9156   2.9156   2.9156   2.9156   2.9156   2.9156   2.9156   2.9156
     2.9156   2.9156   2.9156   2.9156   3.4230   3.4230   3.4230   3.4898
     3.4898   3.4898   3.4898   3.4897   3.4898   3.8841   3.9800   3.9800
     3.9800   3.9800   3.9801   3.9800   3.9801   3.9800   4.3561   4.3560
     4.3560   4.3561   4.3560   4.3561   4.3561   4.3561   4.3560   4.3560
     4.3560   4.3561   4.3560   4.3560   4.3561   4.3561   4.6727   4.6727
     4.6727   4.6727   4.6727   4.6727   4.6727   4.6727   4.6727   4.6727
     4.6727   4.6727   4.9075   4.9075   4.9075   4.9075   4.9075   4.9075
     4.9075   4.9075   4.9075   4.9075   4.9075   4.9075   4.9075   4.9075
     4.9075   4.9075   4.9075   4.9075   4.9075   4.9075   4.9075   4.9075
     4.9075   4.9075   5.6625   5.6625   5.6625   5.6625   5.6625   5.6625
     5.6625   5.6625   5.6625   5.6625   5.6626   5.6625   5.8484   5.8485
     5.8484   5.8484   5.8483   5.8485   5.8484   5.8486   5.8484   5.8484
     5.8484   5.8485   5.9296   5.9297   5.9296   5.9297   5.9296   5.9296
     5.9296   5.9296   5.9296   5.9296   5.9297   5.9297   6.7720   6.7720
     6.7721   6.7721   6.7762   6.7770   6.7770   6.7776   6.7767   6.7773
     6.7767   6.7766   6.7762   6.7769   6.7765   6.7778   6.7779   6.7772
     6.7779   6.7768   6.7775   6.7778   6.7777   6.7771   6.7788   6.7777
     6.7776   6.7783   6.7779   6.7782   6.7788   6.7781   6.7785   6.7783
     6.7773   6.7783   6.8543   6.8543   6.8543   6.8543   6.8543   6.8543
     6.8543   6.8543   6.8543   6.8543   6.8543   6.8543   6.8543   6.8543
     6.8543   6.8543   6.8544   6.8543   6.8543   6.8544   6.8543   6.8543
     6.8543   6.8544   7.0649   7.0649   7.0649   7.0649   7.0651   7.0649
     7.0650   7.0649   7.0650   7.0649   7.0650   7.0651   7.1340   7.1340
     7.1340   7.1340   7.1340   7.1340   7.1341   7.1340   7.1341   7.1341
     7.1340   7.1341   7.5398   7.6590   7.6590   7.6590   7.6590   7.6590
 cg_iter, notconv, ethr            0           0  9.99999999999999955E-007
     cg           :    259.81s CPU    260.64s WALL (       1 calls)
     h_psi        :      2.29s CPU      2.33s WALL (       1 calls)
     hs_1psi      :     75.59s CPU     75.88s WALL (   15422 calls)
     s_1psi       :      0.11s CPU      0.11s WALL (   15422 calls)
