 parallel defs            1           0
 nks >
          60          60          60      216000
 ngm =       59535
 npwx =        7391
 ** TEST:  CB hamiltonian modified so as to need an overlap matrix **
  subspace rotation first
 ndiag           1
  then cg diagonalization 

          k = 0.0000 0.0000 0.0000 (  7391 PWs)   bands (ev):

   -13.7335 -13.4891 -13.4890 -13.4888 -13.4891 -13.4890 -13.4890 -13.4890
   -13.4891 -13.4081 -13.4081 -13.4081 -13.4081 -13.4081 -13.4081 -13.2185
   -13.2188 -13.2184 -13.2183 -13.2182 -13.2178 -13.2187 -13.2178 -13.2178
   -13.2180 -13.2189 -13.2186 -13.2177 -13.2153 -13.2175 -13.2180 -13.1275
   -13.1277 -13.1277 -13.1274 -13.1276 -13.1277 -13.1277 -13.1277 -13.1277
   -13.1274 -13.1276 -13.1276 -13.1277 -13.1277 -13.1276 -13.1277 -13.1277
   -13.1277 -13.1277 -13.1278 -13.1278 -13.1274 -13.1276 -13.1277 -13.0340
   -13.0375 -13.0371 -13.0336 -13.0331 -13.0353 -13.0356 -13.0348 -13.0345
    -3.6838  -3.6838  -3.6838  -3.6838  -3.4665  -3.4665  -3.4665  -3.2410
    -3.2410  -3.2410  -3.2410  -3.2410  -3.2410  -3.2410  -3.2410  -3.2410
    -3.2410  -3.2410  -3.2410  -3.2410  -3.2410  -3.2410  -3.2410  -3.2410
    -3.2410  -3.2410  -3.2410  -3.2410  -3.2410  -3.2410  -3.2410  -3.0124
    -3.0125  -3.0126  -3.0125  -3.0124  -3.0126  -2.9769  -2.9769  -2.9769
    -2.9769  -2.9769  -2.9769  -2.9769  -2.9769  -2.9769  -2.9769  -2.9769
    -2.9769  -2.3129  -2.3129  -2.3130  -2.3129  -2.3129  -2.3129  -2.3129
    -2.3129  -2.2475  -2.2475  -2.2476  -2.2476  -2.2473  -2.2475  -2.1939
    -2.1939  -2.1940  -2.1938  -2.1939  -2.1939  -1.7802  -1.7802  -1.7802
    -1.7802  -1.7801  -1.7800  -1.7801  -1.7802  -1.7802  -1.7801  -1.7802
    -1.7801  -1.6955  -1.6955  -1.6955  -1.6955  -1.6955  -1.6955  -1.6955
    -1.6955  -1.6955  -1.6955  -1.6955  -1.6955  -1.6955  -1.6955  -1.6955
    -1.6955  -1.6955  -1.6955  -1.6955  -1.6955  -1.6954  -1.6955  -1.6955
    -1.6953  -1.6483  -1.6482  -1.6483  -1.6483  -1.6483  -1.6483  -1.3877
    -1.3877  -1.3877  -1.3877  -1.3877  -1.3877  -0.9897  -0.9897  -0.9897
    -0.9897  -0.9897  -0.9897  -0.9897  -0.9897  -0.9897  -0.9897  -0.9897
    -0.9897  -0.9897  -0.9897  -0.9897  -0.9897  -0.9897  -0.9897  -0.9897
    -0.9897  -0.9897  -0.9896  -0.9897  -0.9897  -0.7868  -0.7868  -0.7868
    -0.7868  -0.7868  -0.7868  -0.7868  -0.7868  -0.7868  -0.7868  -0.7868
    -0.7868  -0.5305  -0.5305  -0.5304  -0.5305  -0.5305  -0.5305  -0.5305
    -0.5304  -0.5304  -0.5305  -0.5305  -0.5304  -0.5049  -0.5049  -0.5049
    -0.5048  -0.5049  -0.5049  -0.5050  -0.5049  -0.2710  -0.2710  -0.2710
    -0.2710  -0.2710  -0.2710  -0.2710  -0.2710  -0.2709  -0.2710  -0.2710
    -0.2710  -0.2710  -0.2710  -0.2710  -0.2709   0.0000   0.0000   0.0000
     2.7094   4.2599   4.2600   4.2601   4.2601   4.3455   4.3455   4.3455
     4.3455   4.3455   4.3455   4.3455   4.3455   4.3588   4.3589   4.3588
     5.1761   5.1761   5.1760   5.2009   5.2009   5.2009   5.2009   5.2009
     5.2009   5.3054   5.3054   5.3054   5.3054   5.3054   5.3054   5.3054
     5.3054   5.3054   5.3054   5.3054   5.3054   5.3054   5.3054   5.3054
     5.3054   5.3054   5.3054   5.3054   5.3054   5.3054   5.3054   5.3054
     5.3054   5.8590   5.8590   5.8590   5.8590   5.8590   5.8590   5.8590
     5.8590   5.8590   5.8590   5.8590   5.8590   6.2225   6.2225   6.2225
     6.2225   6.2225   6.2225   6.7364   6.7364   6.7364   6.7364   6.7364
     6.7364   7.4518   7.4518   7.4518   7.4518   7.4518   7.4518   7.4518
     7.4518   7.4518   7.4518   7.4518   7.4518   7.4518   7.4518   7.4518
     7.4518   7.4518   7.4518   7.4518   7.4518   7.4518   7.4518   7.4518
     7.4518   7.6217   7.6216   7.6216   7.6386   7.6388   7.6386   7.6388
     7.6389   7.6388   7.6387   7.6386   7.6746   7.6746   7.6746   7.6746
     7.6746   7.6746   7.6745   7.6746   7.6746   7.6746   7.6746   7.6746
     7.8362   7.8362   7.8362   7.8362   7.8361   7.8362   8.0308   8.0308
     8.0308   8.0308   8.0308   8.0308   8.0580   8.0580   8.0580   8.0580
     8.0580   8.0580   8.0580   8.0580   8.0580   8.0580   8.0580   8.0581
     8.0580   8.0580   8.0580   8.0581   8.2843   8.2843   8.2843   8.2843
     8.2843   8.2843   8.2843   8.2843   8.3941   8.3941   8.3941   8.3950
     8.3942   8.3942   8.3941   8.3941   8.3942   8.3942   8.3941   8.3942
     8.3943   8.3952   8.3941   8.3956   8.3943   8.3943   8.3944   8.3945
     8.3998   8.3950   8.3991   8.3945   8.4008   8.3985   8.4006   8.3996
     8.4009   8.3993   8.4007   8.4007   8.4009   8.4006   8.4004   8.4012
     8.4313   8.4313   8.4313   8.4314   8.4314   8.4313   8.5619   8.5619
     8.5619   8.5620   8.5620   8.5619   8.9852   8.9853   8.9853   8.9853
     8.9853   8.9852   8.9852   8.9853   8.9852   8.9853   8.9853   8.9853
     9.6204   9.6204   9.6204   9.6204   9.6204   9.6204   9.6204   9.6204
     9.6204   9.6204   9.6204   9.6204   9.6204   9.6204   9.6204   9.6204
     9.6205   9.6204   9.6204   9.6205   9.6204   9.6205   9.6204   9.6205
     9.7645   9.7645   9.7645   9.7645   9.7645   9.7645   9.7645   9.7645
     9.7644   9.7645   9.7644   9.7645   9.9617   9.9617   9.9617   9.9617
 cg_iter, notconv, ethr            0           0   9.9999999999999995E-007
     cg           :    288.55s CPU    289.14s WALL (       1 calls)
     h_psi        :      2.71s CPU      2.73s WALL (       1 calls)
     s_psi        :      0.07s CPU      0.07s WALL (       1 calls)
     hs_1psi      :     89.14s CPU     89.50s WALL (   15438 calls)
     s_1psi       :      2.19s CPU      2.20s WALL (   15438 calls)
