 parallel defs            1           0
  Gamma-only calculation, assuming nks=1, xk=(0,0,0) 
          15          15          15        3375
 ngm =         471
 npwx =          57
 ** TEST:  CB hamiltonian modified so as to need an overlap matrix **
 ndiag           1

          k = 0.0000 0.0000 0.0000 (    57 PWs)   bands (ev):

   -12.3426  -0.0000  -0.0000   0.0000   1.1834   4.4167   4.4167   4.4167
 dav_iter, notcnv, ethr            7           0   9.9999999999999995E-007
     davidson     :      0.00s CPU      0.00s WALL (       1 calls)
     regterg      :      0.00s CPU      0.00s WALL (       1 calls)
     regterg:init :      0.00s CPU      0.00s WALL (       1 calls)
     regterg:diag :      0.00s CPU      0.00s WALL (       8 calls)
     regterg:upda :      0.00s CPU      0.00s WALL (       7 calls)
     regterg:over :      0.00s CPU      0.00s WALL (       7 calls)
     regterg:last :      0.00s CPU      0.00s WALL (       2 calls)
     h_psi        :      0.00s CPU      0.00s WALL (       8 calls)
     s_psi        :      0.00s CPU      0.00s WALL (       8 calls)
     g_psi        :      0.00s CPU      0.00s WALL (       7 calls)
