 parallel defs            1           0
  Gamma-only calculation, assuming nks=1, xk=(0,0,0) 
          25          25          25       15625
 ngm =        2533
 npwx =         323
  subspace rotation first
 ndiag           1
  then ppcg diagonalization 

          k = 0.0000 0.0000 0.0000 (   323 PWs)   bands (ev):

     0.0000   4.5123   4.5123   4.5123   4.5123   4.5123   4.5123   4.5123
     4.5123   6.0164   6.0164   6.0164   6.0164   6.0164   6.0164  12.0329
    12.0329  12.0329  12.0329  12.0329  12.0329  12.0329  12.0329  12.0329
    12.0329  12.0329  12.0329  16.5452  16.5452  16.5452  16.5452  16.5452
    16.5452  16.5452  16.5452  16.5452  16.5452  16.5452  16.5452  16.5452
    16.5452  16.5452  16.5452  16.5452  16.5452  16.5452  16.5452  16.5452
    16.5452  16.5452  16.5452  18.0493  18.0493  18.0493  18.0493  18.0493
    18.0493  18.0493  18.0493  24.0657  24.0657  24.0657  24.0657  24.0657
 ppcg_iter, notconv, ethr            0           0   9.9999999999999995E-007
     ppcg         :      0.38s CPU      0.38s WALL (       1 calls)
     ppcg_gamma   :      0.35s CPU      0.35s WALL (       1 calls)
     h_psi        :      0.18s CPU      0.18s WALL (      13 calls)
     ppcg:dgemm   :      0.14s CPU      0.13s WALL (     825 calls)
     ppcg:hpsi    :      0.17s CPU      0.16s WALL (      12 calls)
     ppcg:cholQR  :      0.02s CPU      0.02s WALL (      10 calls)
     ppcg:RR      :      0.02s CPU      0.02s WALL (       2 calls)
     ppcg:DTRSM   :      0.00s CPU      0.01s WALL (      10 calls)
     ppcg:lock    :      0.00s CPU      0.00s WALL (       3 calls)
