 parallel MPI defs : np=           1 nb=           1   nd=           0
  Gamma-only calculation, assuming nks=1, xk=(0,0,0) 
          27          27          27       19683
 ngm =        3308
 npwx =         435
  subspace rotation first
 ndiag           1
  then cg diagonalization 

          k = 0.0000 0.0000 0.0000 (   435 PWs)   bands (ev):

   -12.6369 -10.2593 -10.2593 -10.2593 -10.2593  -8.3557  -8.3557  -8.3557
    -8.3557  -8.3557  -8.3557  -7.3883  -7.3882  -7.3883  -7.3882  -3.0211
    -3.0211  -3.0211  -3.0211  -3.0211  -3.0211  -1.2491  -1.2491  -1.2491
    -1.2491  -1.2491  -1.2491  -1.2491  -1.2491   0.0000   0.0000   0.0000
     0.9305   0.9304   0.9304   0.9305   0.9304   0.9305   1.8752   1.8752
     1.8752   1.8752   3.4229   3.4229   3.4229   3.8840   3.9800   3.9800
     3.9800   3.9800   3.9800   3.9800   3.9800   3.9800   7.5398   7.9686
     7.9689   7.9689   7.9691   7.9687   7.9689  11.5026  11.5026  11.5026
 cg_iter, nhpsi, notconv, ethr           15        1054           0   9.9999999999999995E-007
     cg           :      0.46s CPU      0.47s WALL (       1 calls)
     rotwfcg      :      0.03s CPU      0.03s WALL (       1 calls)
     rotwfcg:hpsi :      0.02s CPU      0.02s WALL (       1 calls)
     rotwfcg:hc   :      0.01s CPU      0.01s WALL (       1 calls)
     rotwfcg:diag :      0.00s CPU      0.00s WALL (       1 calls)
     rotwfcg:evc  :      0.00s CPU      0.00s WALL (       1 calls)
     rcgdiagg     :      0.43s CPU      0.44s WALL (       1 calls)
     cg:ortho     :      0.05s CPU      0.05s WALL (     990 calls)
     h_psi        :      0.02s CPU      0.02s WALL (       1 calls)
     hs_1psi      :      0.37s CPU      0.38s WALL (     990 calls)
     s_1psi       :      0.00s CPU      0.00s WALL (     990 calls)

  general FFT  routines
     fftw         :      0.37s CPU      0.37s WALL (    2108 calls)
     ffts         :      0.00s CPU      0.00s WALL

