 parallel MPI defs : np=           1 nb=           1   nd=           0
  Gamma-only calculation, assuming nks=1, xk=(0,0,0) 
          54          54          54      157464
 ngm =       26437
 npwx =        3308
  subspace rotation first
 ndiag           1
  then cg diagonalization 

          k = 0.0000 0.0000 0.0000 (  3308 PWs)   bands (ev):

   -12.6369 -11.8183 -11.8183 -11.8183 -11.8183 -11.8183 -11.8183 -11.8183
   -11.8183 -11.5274 -11.5274 -11.5274 -11.5273 -11.5273 -11.5274 -10.5422
   -10.5422 -10.5422 -10.5422 -10.5421 -10.5422 -10.5421 -10.5422 -10.5421
   -10.5421 -10.5421 -10.5422 -10.2593 -10.2592 -10.2593 -10.2593  -9.8478
    -9.8478  -9.8478  -9.8478  -9.8478  -9.8478  -9.8478  -9.8478  -9.8478
    -9.8478  -9.8478  -9.8478  -9.8478  -9.8478  -9.8478  -9.8478  -9.8478
    -9.8478  -9.8478  -9.8478  -9.8478  -9.8478  -9.8478  -9.8478  -8.3556
    -8.3557  -8.3557  -8.3556  -8.3557  -8.3557  -8.1969  -8.1969  -8.1969
    -8.1969  -8.1969  -8.1969  -8.1969  -8.1969  -8.1969  -8.1969  -8.1970
    -8.1970  -7.3882  -7.3882  -7.3882  -7.3882  -6.8262  -6.8262  -6.8262
    -6.8262  -6.8262  -6.8262  -6.8262  -6.8262  -6.8262  -6.8262  -6.8262
    -6.8262  -6.8262  -6.8262  -6.8262  -6.8262  -6.8262  -6.8262  -6.8262
    -6.8262  -6.8261  -6.8262  -6.8262  -6.8261  -5.8725  -5.8725  -5.8725
    -5.8725  -5.8725  -5.8725  -5.8725  -5.8725  -5.8725  -5.8725  -5.8726
    -5.8725  -4.1811  -4.1810  -4.1811  -4.1810  -4.1811  -4.1811  -4.1811
    -4.1811  -4.0409  -4.0408  -4.0409  -4.0408  -4.0408  -4.0409  -4.0408
    -4.0408  -4.0408  -4.0409  -4.0408  -4.0408  -3.9306  -3.9306  -3.9307
    -3.9306  -3.9306  -3.9306  -3.9307  -3.9306  -3.9306  -3.9306  -3.9307
    -3.9306  -3.7798  -3.7797  -3.7797  -3.7798  -3.7798  -3.7798  -3.7165
    -3.7165  -3.7165  -3.7165  -3.7165  -3.7165  -3.7165  -3.7165  -3.7165
    -3.7165  -3.7165  -3.7165  -3.7165  -3.7165  -3.7165  -3.7165  -3.7165
    -3.7165  -3.7165  -3.7165  -3.7165  -3.7165  -3.7165  -3.7165  -3.0211
    -3.0211  -3.0211  -3.0211  -3.0210  -3.0211  -2.3140  -2.3140  -2.3140
    -2.3139  -2.3140  -2.3140  -2.3140  -2.3140  -2.3139  -2.3140  -2.3139
    -2.3140  -2.3140  -2.3140  -2.3140  -2.3140  -2.3140  -2.3139  -2.3140
    -2.3140  -2.3139  -2.3140  -2.3140  -2.3140  -1.9654  -1.9654  -1.9654
    -1.9654  -1.9654  -1.9654  -1.9654  -1.9654  -1.9654  -1.9654  -1.9654
    -1.9654  -1.3657  -1.3657  -1.3657  -1.3657  -1.3657  -1.3657  -1.3657
    -1.3657  -1.3657  -1.3657  -1.3657  -1.3657  -1.2491  -1.2491  -1.2491
    -1.2491  -1.2491  -1.2491  -1.2491  -1.2491  -0.7705  -0.7705  -0.7705
    -0.7705  -0.7705  -0.7705  -0.7705  -0.7705  -0.7705  -0.7705  -0.7705
    -0.7705  -0.7705  -0.7705  -0.7705  -0.7705  -0.0000  -0.0000   0.0000
     0.9305   0.9305   0.9305   0.9305   0.9305   0.9305   1.4908   1.4907
     1.4908   1.4907   1.4908   1.4907   1.8339   1.8339   1.8339   1.8339
     1.8339   1.8339   1.8339   1.8340   1.8339   1.8340   1.8339   1.8340
     1.8339   1.8339   1.8339   1.8339   1.8339   1.8340   1.8339   1.8339
     1.8339   1.8342   1.8339   1.8339   1.8747   1.8749   1.8749   1.8751
     2.4608   2.4608   2.4608   2.4608   2.4608   2.4608   2.4608   2.4608
     2.9155   2.9156   2.9156   2.9156   2.9155   2.9156   2.9156   2.9156
     2.9155   2.9156   2.9156   2.9156   3.4231   3.4230   3.4231   3.4896
     3.4896   3.4897   3.4897   3.4897   3.4897   3.8841   3.9800   3.9800
     3.9800   3.9800   3.9800   3.9801   3.9800   3.9801   4.3560   4.3560
     4.3560   4.3560   4.3561   4.3560   4.3561   4.3561   4.3561   4.3560
     4.3561   4.3560   4.3561   4.3561   4.3561   4.3560   4.6726   4.6727
     4.6726   4.6727   4.6727   4.6726   4.6727   4.6726   4.6727   4.6727
     4.6727   4.6727   4.9075   4.9075   4.9075   4.9075   4.9075   4.9075
     4.9075   4.9075   4.9075   4.9075   4.9075   4.9075   4.9075   4.9075
     4.9075   4.9075   4.9075   4.9075   4.9075   4.9075   4.9075   4.9075
     4.9075   4.9075   5.6625   5.6625   5.6625   5.6625   5.6625   5.6625
     5.6625   5.6625   5.6625   5.6626   5.6625   5.6625   5.8485   5.8484
     5.8485   5.8483   5.8485   5.8484   5.8484   5.8483   5.8484   5.8484
     5.8484   5.8483   5.9296   5.9297   5.9295   5.9296   5.9297   5.9296
     5.9296   5.9296   5.9296   5.9296   5.9296   5.9296   6.7720   6.7747
     6.7720   6.7759   6.7750   6.7745   6.7754   6.7767   6.7767   6.7768
     6.7771   6.7784   6.7781   6.7777   6.7771   6.7774   6.7772   6.7776
     6.7774   6.7779   6.7755   6.7768   6.7772   6.7777   6.7779   6.7787
     6.7786   6.7781   6.7772   6.7772   6.7769   6.7767   6.7781   6.7786
     6.7783   6.7786   6.8543   6.8543   6.8543   6.8543   6.8543   6.8543
     6.8543   6.8543   6.8544   6.8543   6.8543   6.8543   6.8543   6.8543
     6.8543   6.8543   6.8543   6.8543   6.8544   6.8544   6.8543   6.8543
     6.8543   6.8544   7.0649   7.0650   7.0649   7.0650   7.0649   7.0649
     7.0649   7.0649   7.0651   7.0649   7.0649   7.0649   7.1340   7.1340
     7.1341   7.1340   7.1341   7.1340   7.1340   7.1341   7.1341   7.1340
     7.1340   7.1340   7.5398   7.6590   7.6590   7.6590   7.6590   7.6590
 cg_iter, nhpsi, notconv, ethr           30       15969           0   9.9999999999999995E-007
     cg           :    140.11s CPU    140.33s WALL (       1 calls)
     rotwfcg      :      7.63s CPU      7.64s WALL (       1 calls)
     rotwfcg:hpsi :      2.11s CPU      2.12s WALL (       1 calls)
     rotwfcg:hc   :      4.36s CPU      4.36s WALL (       1 calls)
     rotwfcg:diag :      0.34s CPU      0.34s WALL (       1 calls)
     rotwfcg:evc  :      0.82s CPU      0.82s WALL (       1 calls)
     rcgdiagg     :    132.48s CPU    132.68s WALL (       1 calls)
     cg:ortho     :     70.52s CPU     70.64s WALL (   15457 calls)
     h_psi        :      2.11s CPU      2.12s WALL (       1 calls)
     hs_1psi      :     60.27s CPU     60.36s WALL (   15457 calls)
     s_1psi       :      0.04s CPU      0.04s WALL (   15457 calls)

  general FFT  routines
     fftw         :     57.75s CPU     57.85s WALL (   31938 calls)
     ffts         :      0.01s CPU      0.01s WALL

