 parallel MPI defs : np=           1 nb=           1   nd=           0
 nks >
          27          27          27       19683
 ngm =        6615
 npwx =         869
  subspace rotation first
 ndiag           1
  then paro diagonalization 

          k = 0.0000 0.0000 0.0000 (   869 PWs)   bands (ev):

   -12.6369 -10.2593 -10.2593 -10.2593 -10.2593  -8.3557  -8.3557  -8.3557
    -8.3557  -8.3557  -8.3557  -7.3882  -7.3882  -7.3882  -7.3882  -3.0211
    -3.0211  -3.0211  -3.0211  -3.0211  -3.0211  -1.2491  -1.2491  -1.2491
    -1.2491  -1.2491  -1.2491  -1.2491  -1.2491  -0.0000  -0.0000   0.0000
     0.9305   0.9305   0.9305   0.9305   0.9305   0.9305   1.8752   1.8752
     1.8752   1.8752   3.4229   3.4229   3.4229   3.8840   3.9800   3.9800
     3.9800   3.9800   3.9800   3.9800   3.9800   3.9800   7.5397   7.9683
     7.9683   7.9691   7.9691   7.9691   7.9691  11.5026  11.5026  11.5026
 avg_iter, nhpsi, notconv, ethr           37        2435           0   9.9999999999999995E-007
     paro         :      1.71s CPU      1.72s WALL (       1 calls)
     rotwfck      :      0.88s CPU      0.88s WALL (       8 calls)
     rotwfck:hpsi :      0.43s CPU      0.44s WALL (       8 calls)
     rotwfck:hc   :      0.25s CPU      0.25s WALL (       8 calls)
     rotwfck:diag :      0.10s CPU      0.10s WALL (       8 calls)
     rotwfck:evc  :      0.10s CPU      0.10s WALL (       8 calls)
     pcg          :      0.82s CPU      0.83s WALL (     365 calls)
     pcg:hs_1psi  :      0.64s CPU      0.64s WALL (    1430 calls)
     pcg:ortho    :      0.17s CPU      0.17s WALL (    1430 calls)
     s_psi        :      0.00s CPU      0.00s WALL (       7 calls)

  general FFT  routines
     fftw         :      1.00s CPU      1.01s WALL (    4778 calls)
     ffts         :      0.00s CPU      0.00s WALL

