 parallel MPI defs : np=           1 nb=           1   nd=           0
  Gamma-only calculation, assuming nks=1, xk=(0,0,0) 
          25          25          25       15625
 ngm =        2533
 npwx =         323
  subspace rotation first
 ndiag           1
  then ppcg diagonalization 

          k = 0.0000 0.0000 0.0000 (   323 PWs)   bands (ev):

     0.0000   4.5123   4.5123   4.5123   4.5123   4.5123   4.5123   4.5123
     4.5123   6.0164   6.0164   6.0164   6.0164   6.0164   6.0164  12.0329
    12.0329  12.0329  12.0329  12.0329  12.0329  12.0329  12.0329  12.0329
    12.0329  12.0329  12.0329  16.5452  16.5452  16.5452  16.5452  16.5452
    16.5452  16.5452  16.5452  16.5452  16.5452  16.5452  16.5452  16.5452
    16.5452  16.5452  16.5452  16.5452  16.5452  16.5452  16.5452  16.5452
    16.5452  16.5452  16.5452  18.0493  18.0493  18.0493  18.0493  18.0493
    18.0493  18.0493  18.0493  24.0657  24.0657  24.0657  24.0657  24.0657
 ppcg_iter, nhpsi, notconv, ethr            9         672           0   9.9999999999999995E-007
     ppcg         :      0.35s CPU      0.36s WALL (       1 calls)
     rotwfcg      :      0.03s CPU      0.03s WALL (       1 calls)
     rotwfcg:hpsi :      0.03s CPU      0.03s WALL (       1 calls)
     rotwfcg:hc   :      0.01s CPU      0.01s WALL (       1 calls)
     rotwfcg:diag :      0.00s CPU      0.00s WALL (       1 calls)
     rotwfcg:evc  :      0.00s CPU      0.00s WALL (       1 calls)
     ppcg_gamma   :      0.32s CPU      0.32s WALL (       1 calls)
     h_psi        :      0.22s CPU      0.22s WALL (      13 calls)
     ppcg:dgemm   :      0.09s CPU      0.09s WALL (     825 calls)
     ppcg:hpsi    :      0.19s CPU      0.19s WALL (      12 calls)
     ppcg:cholQR  :      0.02s CPU      0.02s WALL (      10 calls)
     ppcg:RR      :      0.01s CPU      0.01s WALL (       2 calls)
     ppcg:DTRSM   :      0.00s CPU      0.00s WALL (      10 calls)
     ppcg:lock    :      0.00s CPU      0.00s WALL (       3 calls)

  general FFT  routines
     fftw         :      0.20s CPU      0.21s WALL (    1344 calls)
     ffts         :      0.00s CPU      0.00s WALL

