 parallel MPI defs : np=           1 nb=           1   nd=           0
  Gamma-only calculation, assuming nks=1, xk=(0,0,0) 
          27          27          27       19683
 ngm =        3696
 npwx =         471
  subspace rotation first
 ndiag           1
  then ppcg diagonalization 

          k = 0.0000 0.0000 0.0000 (   471 PWs)   bands (ev):

   -12.3426 -10.9110 -10.9110 -10.9110 -10.9110 -10.3192 -10.3192 -10.3192
    -6.1510  -6.1510  -6.1510  -6.0410  -6.0410  -6.0410  -6.0410  -2.2895
    -2.2895  -2.2895  -2.2895  -2.2895  -2.2895  -0.9216  -0.9216  -0.9216
    -0.9216  -0.9216  -0.9216  -0.9216  -0.9216  -0.0000  -0.0000   0.0000
     1.1834   1.5673   1.5673   1.5673   1.5673   1.5989   1.5989   1.5989
     2.0916   2.0916   2.0916   4.4167   4.4167   4.4167   4.9092   4.9092
     4.9092   4.9092   4.9092   4.9092   4.9092   4.9092   8.0684   8.5455
     8.5455   8.5455   8.5455   8.6861   8.6861  11.4378  11.4378  11.4378
 ppcg_iter, nhpsi, notconv, ethr           16        1128           0   9.9999999999999995E-007
     ppcg         :      0.92s CPU      0.92s WALL (       1 calls)
     rotwfcg      :      0.03s CPU      0.03s WALL (       1 calls)
     rotwfcg:hpsi :      0.02s CPU      0.02s WALL (       1 calls)
     rotwfcg:hc   :      0.01s CPU      0.01s WALL (       1 calls)
     rotwfcg:diag :      0.00s CPU      0.00s WALL (       1 calls)
     rotwfcg:evc  :      0.00s CPU      0.00s WALL (       1 calls)
     ppcg_gamma   :      0.89s CPU      0.89s WALL (       1 calls)
     h_psi        :      0.47s CPU      0.47s WALL (      64 calls)
     ppcg:dgemm   :      0.27s CPU      0.27s WALL (    2001 calls)
     ppcg:hpsi    :      0.44s CPU      0.44s WALL (      63 calls)
     ppcg:cholQR  :      0.05s CPU      0.05s WALL (      54 calls)
     ppcg:RR      :      0.10s CPU      0.10s WALL (       9 calls)
     ppcg:DTRSM   :      0.01s CPU      0.01s WALL (      54 calls)
     ppcg:lock    :      0.00s CPU      0.00s WALL (      10 calls)

  general FFT  routines
     fftw         :      0.44s CPU      0.44s WALL (    2256 calls)
     ffts         :      0.00s CPU      0.00s WALL

