 parallel MPI defs : np=           1 nb=           1   nd=           0
  Gamma-only calculation, assuming nks=1, xk=(0,0,0) 
          27          27          27       19683
 ngm =        3308
 npwx =         435
  subspace rotation first
 ndiag           1
  then ppcg diagonalization 

          k = 0.0000 0.0000 0.0000 (   435 PWs)   bands (ev):

   -12.6369 -10.2593 -10.2593 -10.2593 -10.2593  -8.3557  -8.3557  -8.3557
    -8.3557  -8.3557  -8.3557  -7.3882  -7.3882  -7.3882  -7.3882  -3.0211
    -3.0211  -3.0211  -3.0211  -3.0211  -3.0211  -1.2491  -1.2491  -1.2491
    -1.2491  -1.2491  -1.2491  -1.2491  -1.2491  -0.0000  -0.0000   0.0000
     0.9305   0.9305   0.9305   0.9305   0.9305   0.9305   1.8752   1.8752
     1.8752   1.8752   3.4229   3.4229   3.4229   3.8840   3.9800   3.9800
     3.9800   3.9800   3.9800   3.9800   3.9800   3.9800   7.5397   7.9683
     7.9683   7.9691   7.9691   7.9691   7.9691  11.5026  11.5026  11.5026
 ppcg_iter, nhpsi, notconv, ethr           15        1055           0   9.9999999999999995E-007
     ppcg         :      0.97s CPU      0.97s WALL (       1 calls)
     rotwfcg      :      0.04s CPU      0.04s WALL (       1 calls)
     rotwfcg:hpsi :      0.03s CPU      0.03s WALL (       1 calls)
     rotwfcg:hc   :      0.01s CPU      0.01s WALL (       1 calls)
     rotwfcg:diag :      0.00s CPU      0.00s WALL (       1 calls)
     rotwfcg:evc  :      0.00s CPU      0.00s WALL (       1 calls)
     ppcg_gamma   :      0.93s CPU      0.93s WALL (       1 calls)
     h_psi        :      0.53s CPU      0.54s WALL (      28 calls)
     ppcg:dgemm   :      0.30s CPU      0.30s WALL (    1507 calls)
     ppcg:hpsi    :      0.50s CPU      0.51s WALL (      27 calls)
     ppcg:cholQR  :      0.06s CPU      0.06s WALL (      23 calls)
     ppcg:RR      :      0.05s CPU      0.05s WALL (       4 calls)
     ppcg:DTRSM   :      0.01s CPU      0.01s WALL (      23 calls)
     ppcg:lock    :      0.00s CPU      0.00s WALL (       5 calls)

  general FFT  routines
     fftw         :      0.50s CPU      0.50s WALL (    2110 calls)
     ffts         :      0.00s CPU      0.00s WALL

