 parallel MPI defs : np=           1 nb=           1   nd=           0
  Gamma-only calculation, assuming nks=1, xk=(0,0,0) 
          54          54          54      157464
 ngm =       26437
 npwx =        3308
  subspace rotation first
 ndiag           1
  then ppcg diagonalization 

          k = 0.0000 0.0000 0.0000 (  3308 PWs)   bands (ev):

   -12.6369 -11.8184 -11.8184 -11.8184 -11.8184 -11.8184 -11.8184 -11.8184
   -11.8184 -11.5274 -11.5274 -11.5274 -11.5274 -11.5274 -11.5274 -10.5422
   -10.5422 -10.5422 -10.5422 -10.5422 -10.5422 -10.5422 -10.5422 -10.5422
   -10.5422 -10.5422 -10.5422 -10.2593 -10.2593 -10.2593 -10.2593  -9.8478
    -9.8478  -9.8478  -9.8478  -9.8478  -9.8478  -9.8478  -9.8478  -9.8478
    -9.8478  -9.8478  -9.8478  -9.8478  -9.8478  -9.8478  -9.8478  -9.8478
    -9.8478  -9.8478  -9.8478  -9.8478  -9.8478  -9.8478  -9.8478  -8.3557
    -8.3557  -8.3557  -8.3557  -8.3557  -8.3557  -8.1969  -8.1969  -8.1969
    -8.1969  -8.1969  -8.1969  -8.1969  -8.1969  -8.1969  -8.1969  -8.1969
    -8.1969  -7.3882  -7.3882  -7.3882  -7.3882  -6.8262  -6.8262  -6.8262
    -6.8262  -6.8262  -6.8262  -6.8262  -6.8262  -6.8262  -6.8262  -6.8262
    -6.8262  -6.8262  -6.8262  -6.8262  -6.8262  -6.8262  -6.8262  -6.8262
    -6.8262  -6.8262  -6.8262  -6.8262  -6.8262  -5.8726  -5.8726  -5.8726
    -5.8726  -5.8726  -5.8726  -5.8726  -5.8726  -5.8726  -5.8726  -5.8726
    -5.8726  -4.1811  -4.1811  -4.1811  -4.1811  -4.1811  -4.1811  -4.1811
    -4.1811  -4.0409  -4.0409  -4.0409  -4.0409  -4.0409  -4.0409  -4.0409
    -4.0409  -4.0409  -4.0409  -4.0409  -4.0409  -3.9306  -3.9306  -3.9306
    -3.9306  -3.9306  -3.9306  -3.9306  -3.9306  -3.9306  -3.9306  -3.9306
    -3.9306  -3.7798  -3.7798  -3.7798  -3.7798  -3.7798  -3.7798  -3.7165
    -3.7165  -3.7165  -3.7165  -3.7165  -3.7165  -3.7165  -3.7165  -3.7165
    -3.7165  -3.7165  -3.7165  -3.7165  -3.7165  -3.7165  -3.7165  -3.7165
    -3.7165  -3.7165  -3.7165  -3.7165  -3.7165  -3.7165  -3.7165  -3.0211
    -3.0211  -3.0211  -3.0211  -3.0211  -3.0211  -2.3140  -2.3140  -2.3140
    -2.3140  -2.3140  -2.3140  -2.3140  -2.3140  -2.3140  -2.3140  -2.3140
    -2.3140  -2.3140  -2.3140  -2.3140  -2.3140  -2.3140  -2.3140  -2.3140
    -2.3140  -2.3140  -2.3140  -2.3140  -2.3140  -1.9654  -1.9654  -1.9654
    -1.9654  -1.9654  -1.9654  -1.9654  -1.9654  -1.9654  -1.9654  -1.9654
    -1.9654  -1.3657  -1.3657  -1.3657  -1.3657  -1.3657  -1.3657  -1.3657
    -1.3657  -1.3657  -1.3657  -1.3657  -1.3657  -1.2491  -1.2491  -1.2491
    -1.2491  -1.2491  -1.2491  -1.2491  -1.2491  -0.7705  -0.7705  -0.7705
    -0.7705  -0.7705  -0.7705  -0.7705  -0.7705  -0.7705  -0.7705  -0.7705
    -0.7705  -0.7705  -0.7705  -0.7705  -0.7705  -0.0000  -0.0000   0.0000
     0.9305   0.9305   0.9305   0.9305   0.9305   0.9305   1.4907   1.4907
     1.4907   1.4907   1.4907   1.4907   1.8338   1.8338   1.8338   1.8338
     1.8338   1.8338   1.8338   1.8338   1.8338   1.8338   1.8338   1.8338
     1.8338   1.8338   1.8338   1.8338   1.8338   1.8338   1.8338   1.8338
     1.8338   1.8338   1.8338   1.8338   1.8752   1.8752   1.8752   1.8752
     2.4608   2.4608   2.4608   2.4608   2.4608   2.4608   2.4608   2.4608
     2.9155   2.9155   2.9155   2.9155   2.9155   2.9155   2.9155   2.9155
     2.9155   2.9155   2.9155   2.9155   3.4229   3.4229   3.4229   3.4897
     3.4897   3.4897   3.4897   3.4897   3.4897   3.8840   3.9800   3.9800
     3.9800   3.9800   3.9800   3.9800   3.9800   3.9800   4.3560   4.3560
     4.3560   4.3560   4.3560   4.3560   4.3560   4.3560   4.3560   4.3560
     4.3560   4.3560   4.3560   4.3560   4.3560   4.3560   4.6726   4.6726
     4.6726   4.6726   4.6726   4.6726   4.6726   4.6726   4.6726   4.6726
     4.6726   4.6726   4.9075   4.9075   4.9075   4.9075   4.9075   4.9075
     4.9075   4.9075   4.9075   4.9075   4.9075   4.9075   4.9075   4.9075
     4.9075   4.9075   4.9075   4.9075   4.9075   4.9075   4.9075   4.9075
     4.9075   4.9075   5.6625   5.6625   5.6625   5.6625   5.6625   5.6625
     5.6625   5.6625   5.6625   5.6625   5.6625   5.6625   5.8483   5.8483
     5.8483   5.8483   5.8483   5.8483   5.8483   5.8483   5.8483   5.8483
     5.8483   5.8483   5.9297   5.9297   5.9297   5.9297   5.9297   5.9297
     5.9297   5.9297   5.9297   5.9297   5.9297   5.9297   6.7719   6.7719
     6.7719   6.7719   6.7719   6.7719   6.7719   6.7719   6.7719   6.7719
     6.7719   6.7719   6.7792   6.7792   6.7792   6.7792   6.7792   6.7792
     6.7792   6.7792   6.7792   6.7792   6.7792   6.7792   6.7792   6.7792
     6.7792   6.7792   6.7792   6.7792   6.7792   6.7792   6.7792   6.7792
     6.7793   6.7793   6.8544   6.8544   6.8544   6.8544   6.8544   6.8544
     6.8544   6.8544   6.8544   6.8544   6.8544   6.8544   6.8544   6.8544
     6.8544   6.8544   6.8544   6.8544   6.8544   6.8544   6.8544   6.8544
     6.8544   6.8544   7.0649   7.0649   7.0649   7.0649   7.0649   7.0649
     7.0649   7.0649   7.0649   7.0649   7.0649   7.0649   7.1341   7.1341
     7.1341   7.1341   7.1341   7.1341   7.1341   7.1341   7.1341   7.1341
     7.1341   7.1341   7.5398   7.6590   7.6590   7.6590   7.6590   7.6590
 ppcg_iter, nhpsi, notconv, ethr           17        9703           0   9.9999999999999995E-007
     ppcg         :    310.88s CPU    311.95s WALL (       1 calls)
     rotwfcg      :      8.47s CPU      8.50s WALL (       1 calls)
     rotwfcg:hpsi :      2.73s CPU      2.76s WALL (       1 calls)
     rotwfcg:hc   :      4.57s CPU      4.58s WALL (       1 calls)
     rotwfcg:diag :      0.33s CPU      0.33s WALL (       1 calls)
     rotwfcg:evc  :      0.84s CPU      0.84s WALL (       1 calls)
     ppcg_gamma   :    302.41s CPU    303.45s WALL (       1 calls)
     h_psi        :     43.27s CPU     43.47s WALL (      57 calls)
     ppcg:dgemm   :    157.21s CPU    157.49s WALL (   12505 calls)
     ppcg:hpsi    :     40.68s CPU     40.86s WALL (      56 calls)
     ppcg:cholQR  :     38.79s CPU     38.96s WALL (      48 calls)
     ppcg:RR      :     54.44s CPU     54.72s WALL (       8 calls)
     ppcg:DTRSM   :     10.55s CPU     10.68s WALL (      48 calls)
     ppcg:lock    :      0.04s CPU      0.04s WALL (       9 calls)

  general FFT  routines
     fftw         :     40.19s CPU     40.38s WALL (   19406 calls)
     ffts         :      0.01s CPU      0.01s WALL

