  Gamma-only calculation, assuming nks=1, xk=(0,0,0) 
          27          27          27       19683
 ngm =        3696
 npwx =         471
  subspace rotation first
  then cg diagonalization 

          k = 0.0000 0.0000 0.0000 (   471 PWs)   bands (ev):

   -12.3426 -10.9110 -10.9110 -10.9110 -10.9110 -10.3192 -10.3192 -10.3192
    -6.1508  -6.1510  -6.1510  -6.0410  -6.0410  -6.0411  -6.0411  -2.2895
    -2.2895  -2.2895  -2.2895  -2.2895  -2.2895  -0.9216  -0.9216  -0.9216
    -0.9216  -0.9216  -0.9216  -0.9216  -0.9216   0.0000   0.0000   0.0000
     1.1834   1.5673   1.5674   1.5676   1.5674   1.5986   1.5989   1.5989
     2.0916   2.0916   2.0916   4.4167   4.4167   4.4167   4.9092   4.9092
     4.9091   4.9092   4.9091   4.9092   4.9092   4.9091   8.0684   8.5455
     8.5455   8.5455   8.5455   8.6861   8.6861  11.4378  11.4378  11.4378
 cg_iter, notconv, ethr            0           0  9.99999999999999955E-007
     cg           :      0.71s CPU      0.72s WALL (       1 calls)
     h_psi        :      0.03s CPU      0.03s WALL (       1 calls)
     hs_1psi      :      0.57s CPU      0.58s WALL (    1179 calls)
     s_1psi       :      0.00s CPU      0.00s WALL (    1179 calls)
