  Gamma-only calculation, assuming nks=1, xk=(0,0,0) 
          27          27          27       19683
 ngm =        3308
 npwx =         435
  subspace rotation first
  then cg diagonalization 

          k = 0.0000 0.0000 0.0000 (   435 PWs)   bands (ev):

   -12.6369 -10.2593 -10.2593 -10.2593 -10.2593  -8.3557  -8.3557  -8.3557
    -8.3557  -8.3557  -8.3557  -7.3883  -7.3882  -7.3883  -7.3882  -3.0211
    -3.0211  -3.0211  -3.0211  -3.0211  -3.0211  -1.2491  -1.2491  -1.2491
    -1.2491  -1.2491  -1.2491  -1.2491  -1.2491   0.0000   0.0000   0.0000
     0.9305   0.9304   0.9304   0.9305   0.9304   0.9305   1.8752   1.8752
     1.8752   1.8752   3.4229   3.4229   3.4229   3.8840   3.9800   3.9800
     3.9800   3.9800   3.9800   3.9800   3.9800   3.9800   7.5398   7.9686
     7.9689   7.9689   7.9691   7.9687   7.9689  11.5026  11.5026  11.5026
 cg_iter, notconv, ethr            0           0  9.99999999999999955E-007
     cg           :      0.60s CPU      0.60s WALL (       1 calls)
     h_psi        :      0.04s CPU      0.04s WALL (       1 calls)
     hs_1psi      :      0.49s CPU      0.49s WALL (     990 calls)
     s_1psi       :      0.00s CPU      0.00s WALL (     990 calls)
