 parallel defs            1           0
  Gamma-only calculation, assuming nks=1, xk=(0,0,0) 
          27          27          27       19683
 ngm =        3308
 npwx =         435
 ** TEST:  CB hamiltonian modified so as to need an overlap matrix **
  subspace rotation first
 ndiag           1
  then cg diagonalization 

          k = 0.0000 0.0000 0.0000 (   435 PWs)   bands (ev):

   -12.6369 -10.2593 -10.2593 -10.2593 -10.2593  -8.3557  -8.3557  -8.3557
    -8.3557  -8.3557  -8.3557  -7.3882  -7.3882  -7.3882  -7.3882  -3.0211
    -3.0211  -3.0211  -3.0211  -3.0211  -3.0211  -1.2491  -1.2491  -1.2491
    -1.2491  -1.2491  -1.2491  -1.2491  -1.2491  -0.0000  -0.0000   0.0000
     0.9305   0.9305   0.9305   0.9305   0.9305   0.9305   1.8752   1.8752
     1.8752   1.8752   3.4229   3.4229   3.4229   3.8840   3.9800   3.9800
     3.9800   3.9800   3.9800   3.9800   3.9800   3.9800   7.5397   7.9686
     7.9689   7.9690   7.9690   7.9688   7.9687  11.5026  11.5026  11.5026
 cg_iter, notconv, ethr            0           0   9.9999999999999995E-007
     cg           :      0.57s CPU      0.57s WALL (       1 calls)
     h_psi        :      0.03s CPU      0.03s WALL (       1 calls)
     s_psi        :      0.00s CPU      0.00s WALL (       1 calls)
     hs_1psi      :      0.44s CPU      0.44s WALL (     825 calls)
     s_1psi       :      0.00s CPU      0.01s WALL (     825 calls)
