 parallel defs            1           0
  Gamma-only calculation, assuming nks=1, xk=(0,0,0) 
          60          60          60      216000
 ngm =       29768
 npwx =        3696
 ** TEST:  CB hamiltonian modified so as to need an overlap matrix **
  subspace rotation first
 ndiag           1
  then cg diagonalization 

          k = 0.0000 0.0000 0.0000 (  3696 PWs)   bands (ev):

   -13.7334 -13.4889 -13.4889 -13.4890 -13.4890 -13.4889 -13.4887 -13.4889
   -13.4887 -13.4081 -13.4081 -13.4080 -13.4080 -13.4080 -13.4081 -13.2198
   -13.2200 -13.2180 -13.2163 -13.2177 -13.2178 -13.2170 -13.2177 -13.2159
   -13.2183 -13.2181 -13.2191 -13.2170 -13.2192 -13.2167 -13.2190 -13.1275
   -13.1276 -13.1276 -13.1275 -13.1276 -13.1276 -13.1277 -13.1274 -13.1276
   -13.1274 -13.1276 -13.1276 -13.1276 -13.1275 -13.1276 -13.1276 -13.1277
   -13.1277 -13.1275 -13.1277 -13.1274 -13.1277 -13.1277 -13.1276 -13.0336
   -13.0369 -13.0348 -13.0344 -13.0375 -13.0347 -13.0325 -13.0351 -13.0344
    -3.6838  -3.6838  -3.6838  -3.6838  -3.4664  -3.4665  -3.4664  -3.2409
    -3.2409  -3.2409  -3.2409  -3.2409  -3.2409  -3.2410  -3.2409  -3.2409
    -3.2410  -3.2409  -3.2409  -3.2410  -3.2410  -3.2409  -3.2410  -3.2410
    -3.2410  -3.2409  -3.2409  -3.2410  -3.2410  -3.2410  -3.2409  -3.0124
    -3.0123  -3.0124  -3.0125  -3.0124  -3.0125  -2.9768  -2.9768  -2.9768
    -2.9769  -2.9769  -2.9768  -2.9768  -2.9768  -2.9768  -2.9769  -2.9768
    -2.9768  -2.3129  -2.3129  -2.3129  -2.3129  -2.3128  -2.3129  -2.3128
    -2.3128  -2.2475  -2.2475  -2.2475  -2.2474  -2.2475  -2.2475  -2.1938
    -2.1938  -2.1938  -2.1938  -2.1937  -2.1938  -1.7801  -1.7801  -1.7800
    -1.7801  -1.7801  -1.7800  -1.7800  -1.7801  -1.7801  -1.7801  -1.7801
    -1.7801  -1.6954  -1.6954  -1.6954  -1.6954  -1.6954  -1.6954  -1.6954
    -1.6954  -1.6954  -1.6954  -1.6954  -1.6954  -1.6954  -1.6954  -1.6953
    -1.6954  -1.6955  -1.6954  -1.6953  -1.6954  -1.6954  -1.6954  -1.6954
    -1.6953  -1.6482  -1.6482  -1.6482  -1.6483  -1.6482  -1.6482  -1.3877
    -1.3876  -1.3876  -1.3876  -1.3877  -1.3877  -0.9896  -0.9896  -0.9896
    -0.9896  -0.9896  -0.9896  -0.9896  -0.9896  -0.9896  -0.9896  -0.9896
    -0.9896  -0.9896  -0.9896  -0.9896  -0.9896  -0.9896  -0.9896  -0.9896
    -0.9896  -0.9896  -0.9896  -0.9896  -0.9896  -0.7868  -0.7867  -0.7867
    -0.7868  -0.7868  -0.7867  -0.7868  -0.7867  -0.7867  -0.7867  -0.7868
    -0.7867  -0.5304  -0.5304  -0.5304  -0.5304  -0.5304  -0.5304  -0.5304
    -0.5304  -0.5299  -0.5304  -0.5304  -0.5048  -0.5304  -0.5049  -0.5049
    -0.5048  -0.5047  -0.5047  -0.5048  -0.5048  -0.2708  -0.2709  -0.2709
    -0.2709  -0.2709  -0.2709  -0.2709  -0.2709  -0.2709  -0.2708  -0.2709
    -0.2709  -0.2708  -0.2709  -0.2709  -0.2709   0.0001   0.0001   0.0000
     2.7095   4.2600   4.2600   4.2600   4.2600   4.3456   4.3456   4.3458
     4.3459   4.3457   4.3457   4.3456   4.3588   4.3456   4.3586   4.3587
     5.1762   5.1763   5.1761   5.2009   5.2010   5.2010   5.2010   5.2009
     5.2010   5.3054   5.3054   5.3054   5.3054   5.3054   5.3054   5.3054
     5.3054   5.3054   5.3054   5.3054   5.3054   5.3054   5.3054   5.3054
     5.3054   5.3054   5.3054   5.3054   5.3054   5.3054   5.3055   5.3054
     5.3054   5.8591   5.8591   5.8591   5.8591   5.8591   5.8591   5.8591
     5.8591   5.8591   5.8591   5.8591   5.8591   6.2226   6.2226   6.2226
     6.2226   6.2226   6.2226   6.7365   6.7365   6.7365   6.7365   6.7365
     6.7365   7.4518   7.4518   7.4518   7.4518   7.4518   7.4518   7.4518
     7.4518   7.4518   7.4518   7.4518   7.4519   7.4518   7.4518   7.4518
     7.4518   7.4519   7.4518   7.4519   7.4518   7.4518   7.4518   7.4518
     7.4518   7.6219   7.6217   7.6219   7.6387   7.6388   7.6387   7.6389
     7.6388   7.6386   7.6390   7.6388   7.6747   7.6747   7.6747   7.6746
     7.6746   7.6746   7.6747   7.6748   7.6747   7.6747   7.6747   7.6746
     7.8362   7.8363   7.8363   7.8362   7.8363   7.8363   8.0308   8.0308
     8.0310   8.0309   8.0308   8.0309   8.0581   8.0581   8.0581   8.0581
     8.0581   8.0581   8.0581   8.0581   8.0581   8.0581   8.0581   8.0581
     8.0581   8.0581   8.0581   8.0581   8.2844   8.2844   8.2844   8.2844
     8.2844   8.2844   8.2844   8.2844   8.3952   8.3942   8.3956   8.3943
     8.3952   8.3956   8.3943   8.3942   8.3942   8.3942   8.3942   8.3942
     8.3945   8.3945   8.3942   8.3959   8.3943   8.3943   8.3944   8.3948
     8.3989   8.3948   8.3951   8.3948   8.3995   8.4005   8.4009   8.4000
     8.4010   8.4000   8.4005   8.4013   8.4004   8.4009   8.4010   8.4007
     8.4313   8.4315   8.4313   8.4314   8.4314   8.4316   8.5620   8.5620
     8.5620   8.5620   8.5620   8.5621   8.9853   8.9853   8.9853   8.9853
     8.9853   8.9853   8.9853   8.9853   8.9853   8.9853   8.9853   8.9853
     9.6205   9.6205   9.6205   9.6205   9.6205   9.6205   9.6205   9.6205
     9.6205   9.6205   9.6205   9.6205   9.6205   9.6205   9.6205   9.6206
     9.6205   9.6205   9.6205   9.6205   9.6206   9.6205   9.6205   9.6205
     9.7645   9.7645   9.7645   9.7645   9.7646   9.7645   9.7645   9.7645
     9.7645   9.7645   9.7646   9.7646   9.9618   9.9618   9.9618   9.9618
 cg_iter, notconv, ethr            0           0   9.9999999999999995E-007
     cg           :    194.67s CPU    195.19s WALL (       1 calls)
     h_psi        :      2.74s CPU      2.76s WALL (       1 calls)
     s_psi        :      0.04s CPU      0.04s WALL (       1 calls)
     hs_1psi      :     86.68s CPU     86.51s WALL (   15604 calls)
     s_1psi       :      1.23s CPU      1.16s WALL (   15604 calls)
